<?xml version="1.0" encoding="UTF-8"?>
<testng-results skipped="0" failed="0" ignored="0" total="1" passed="1">
  <reporter-output>
  </reporter-output>
  <suite name="Default suite" duration-ms="19786" started-at="2022-12-19T23:08:47 IST" finished-at="2022-12-19T23:09:07 IST">
    <groups>
    </groups>
    <test name="Default test" duration-ms="19786" started-at="2022-12-19T23:08:47 IST" finished-at="2022-12-19T23:09:07 IST">
      <class name="com.sauceDemo.Test.TC001_VefifyLogin">
        <test-method status="PASS" signature="beforeClass()[pri:0, instance:com.sauceDemo.Test.TC001_VefifyLogin@4493d195]" name="beforeClass" is-config="true" duration-ms="2818" started-at="2022-12-19T23:08:47 IST" finished-at="2022-12-19T23:08:50 IST">
          <reporter-output>
          </reporter-output>
        </test-method> <!-- beforeClass -->
        <test-method status="PASS" signature="setUp()[pri:0, instance:com.sauceDemo.Test.TC001_VefifyLogin@4493d195]" name="setUp" is-config="true" duration-ms="289" started-at="2022-12-19T23:08:50 IST" finished-at="2022-12-19T23:08:50 IST">
          <reporter-output>
          </reporter-output>
        </test-method> <!-- setUp -->
        <test-method status="PASS" signature="verifyLogin()[pri:0, instance:com.sauceDemo.Test.TC001_VefifyLogin@4493d195]" name="verifyLogin" duration-ms="26" started-at="2022-12-19T23:08:50 IST" finished-at="2022-12-19T23:08:50 IST">
          <reporter-output>
          </reporter-output>
        </test-method> <!-- verifyLogin -->
        <test-method status="PASS" signature="tearDown()[pri:0, instance:com.sauceDemo.Test.TC001_VefifyLogin@4493d195]" name="tearDown" is-config="true" duration-ms="405" started-at="2022-12-19T23:08:50 IST" finished-at="2022-12-19T23:08:51 IST">
          <reporter-output>
          </reporter-output>
        </test-method> <!-- tearDown -->
        <test-method status="PASS" signature="afterMethod()[pri:0, instance:com.sauceDemo.Test.TC001_VefifyLogin@4493d195]" name="afterMethod" is-config="true" duration-ms="16205" started-at="2022-12-19T23:08:51 IST" finished-at="2022-12-19T23:09:07 IST">
          <reporter-output>
          </reporter-output>
        </test-method> <!-- afterMethod -->
      </class> <!-- com.sauceDemo.Test.TC001_VefifyLogin -->
    </test> <!-- Default test -->
  </suite> <!-- Default suite -->
</testng-results>
